[2026-01-19T05:55:44.608Z] GET / FROM ::1
[2026-01-19T06:15:48.499Z] GET / FROM ::1
[2026-01-19T07:06:48.514Z] GET / FROM ::1
[2026-01-19T14:40:52.417Z] GET / FROM ::1
[2026-01-19T14:41:51.518Z] GET /health
[2026-01-19T14:42:08.688Z] GET /health
[2026-01-19T14:42:23.675Z] GET /health
[2026-01-19T14:42:41.323Z] GET /health
[2026-01-19T14:42:56.316Z] GET /health
[2026-01-19T14:43:13.981Z] GET /health
[2026-01-19T14:43:28.969Z] GET /health
[2026-01-19T14:43:43.980Z] GET /health
[2026-01-19T14:44:01.572Z] GET /health
[2026-01-19T14:44:16.567Z] GET /health
[2026-01-19T14:44:34.010Z] GET /health
[2026-01-19T14:44:49.034Z] GET /health
[2026-01-19T14:45:06.410Z] GET /health
[2026-01-19T14:45:21.411Z] GET /health
[2026-01-19T14:45:38.732Z] GET /health
[2026-01-19T14:45:53.735Z] GET /health
[2026-01-19T14:46:10.903Z] GET /health
[2026-01-19T14:46:25.909Z] GET /health
[2026-01-19T14:46:42.014Z] GET /health
[2026-01-19T14:46:57.039Z] GET /health
[2026-01-19T14:47:14.434Z] GET /health
[2026-01-19T14:47:29.440Z] GET /health
[2026-01-19T14:47:44.446Z] GET /health
[2026-01-19T14:48:01.487Z] GET /health
[2026-01-19T14:48:16.583Z] GET /health
[2026-01-19T14:48:23.711Z] GET /health
[2026-01-19T14:48:24.720Z] GET /favicon.ico
[2026-01-19T14:48:33.551Z] GET /health
[2026-01-19T14:48:34.458Z] GET /health
[2026-01-19T14:48:48.574Z] GET /health
[2026-01-19T14:49:05.760Z] GET /health
[2026-01-19T14:49:20.760Z] GET /health
[2026-01-19T14:49:38.020Z] GET /health
[2026-01-19T14:49:53.024Z] GET /health
[2026-01-19T14:50:10.361Z] GET /health
[2026-01-19T14:50:25.348Z] GET /health
[2026-01-19T14:50:33.109Z] GET /
[2026-01-19T14:50:40.919Z] GET /health
[2026-01-19T14:50:42.658Z] GET /health
[2026-01-19T14:50:56.307Z] GET /about
[2026-01-19T14:50:57.664Z] GET /health
[2026-01-19T14:51:15.067Z] GET /health
[2026-01-19T14:51:30.068Z] GET /health
[2026-01-19T14:51:45.067Z] GET /health
[2026-01-19T14:52:02.310Z] GET /health
[2026-01-19T14:52:17.302Z] GET /health
[2026-01-19T14:52:34.487Z] GET /health
[2026-01-19T14:52:49.488Z] GET /health
[2026-01-19T14:53:06.567Z] GET /health
[2026-01-19T14:53:21.568Z] GET /health
[2026-01-19T14:53:38.662Z] GET /health
[2026-01-19T14:53:53.667Z] GET /health
[2026-01-19T14:54:10.848Z] GET /health
[2026-01-19T14:54:25.848Z] GET /health
[2026-01-19T14:54:43.054Z] GET /health
[2026-01-19T14:54:58.063Z] GET /health
[2026-01-19T14:55:13.064Z] GET /health
[2026-01-19T14:55:30.211Z] GET /health
[2026-01-19T14:55:45.229Z] GET /health
[2026-01-19T14:56:02.428Z] GET /health
[2026-01-19T14:56:02.623Z] GET /health
[2026-01-19T14:56:07.794Z] GET /
[2026-01-19T14:56:13.520Z] GET /
[2026-01-19T14:56:17.418Z] GET /health
[2026-01-19T14:56:34.585Z] GET /health
[2026-01-19T14:56:49.589Z] GET /health
[2026-01-19T14:57:06.837Z] GET /health
[2026-01-19T14:57:21.821Z] GET /health
[2026-01-19T14:57:39.159Z] GET /health
[2026-01-19T14:57:54.160Z] GET /health
[2026-01-19T14:58:11.571Z] GET /health
[2026-01-19T14:58:26.575Z] GET /health
[2026-01-19T15:13:41.603Z] GET / FROM ::1
[2026-01-19T15:13:43.180Z] GET /health FROM ::1
[2026-01-19T15:13:58.164Z] GET /health FROM ::1
[2026-01-19T15:14:13.174Z] GET /health FROM ::1
[2026-01-19T15:17:26.946Z] GET /
[2026-01-19T15:17:31.321Z] GET /health
[2026-01-19T15:17:46.283Z] GET /health
[2026-01-19T15:18:01.275Z] GET /health
[2026-01-19T15:18:16.318Z] GET /health
[2026-01-19T15:18:31.303Z] GET /health
[2026-01-19T15:18:46.288Z] GET /health
[2026-01-19T15:19:01.286Z] GET /health
[2026-01-19T15:19:16.288Z] GET /health
[2026-01-19T15:19:31.290Z] GET /health
[2026-01-19T15:19:46.294Z] GET /health
[2026-01-19T15:20:01.291Z] GET /health
[2026-01-19T15:20:16.292Z] GET /health
[2026-01-19T15:20:31.295Z] GET /health
[2026-01-19T15:20:46.295Z] GET /health
[2026-01-19T15:21:01.310Z] GET /health
[2026-01-19T15:21:16.297Z] GET /health
[2026-01-19T15:21:31.298Z] GET /health
[2026-01-19T15:21:46.303Z] GET /health
[2026-01-19T15:22:01.308Z] GET /health
[2026-01-19T15:22:16.304Z] GET /health
[2026-01-19T15:22:31.309Z] GET /health
[2026-01-19T15:23:01.306Z] GET /health
[2026-01-19T15:23:16.304Z] GET /health
[2026-01-19T15:23:31.304Z] GET /health
[2026-01-19T15:23:46.306Z] GET /health
[2026-01-19T15:24:01.311Z] GET /health
[2026-01-19T15:24:16.320Z] GET /health
[2026-01-19T15:24:31.315Z] GET /health
[2026-01-19T15:24:46.321Z] GET /health
[2026-01-19T15:25:01.321Z] GET /health
[2026-01-19T16:14:03.978Z] GET /health
[2026-01-19T16:14:18.852Z] GET /health
[2026-01-19T16:14:33.855Z] GET /health
[2026-01-19T16:14:48.848Z] GET /health
[2026-01-19T16:15:03.862Z] GET /health
[2026-01-19T16:15:18.861Z] GET /health
[2026-01-19T16:15:33.877Z] GET /health
[2026-01-19T16:15:48.873Z] GET /health
[2026-01-19T16:16:03.887Z] GET /health
[2026-01-19T16:16:18.885Z] GET /health
[2026-01-19T16:16:33.888Z] GET /health
[2026-01-19T16:16:48.894Z] GET /health
[2026-01-19T16:17:03.911Z] GET /health
[2026-01-19T16:17:18.924Z] GET /health
[2026-01-19T16:17:33.925Z] GET /health
[2026-01-19T16:17:48.939Z] GET /health
